[35m[1mScanning dependencies of target depth_hold_debug[0m
[35m[1mScanning dependencies of target depth_pitch[0m
[35m[1mScanning dependencies of target depth_pitch_siqu[0m
[35m[1mScanning dependencies of target rc1-4[0m
[35m[1mScanning dependencies of target sbus_ctrl[0m
[35m[1mScanning dependencies of target depth_hold[0m
[  8%] [32mBuilding CXX object CMakeFiles/depth_pitch.dir/src/depth_pitch.cpp.o[0m
[ 16%] [32mBuilding CXX object CMakeFiles/depth_hold_debug.dir/src/depth_hold_debug.cpp.o[0m
[ 25%] [32mBuilding CXX object CMakeFiles/rc1-4.dir/src/rc1-4.cpp.o[0m
[ 33%] [32mBuilding CXX object CMakeFiles/depth_pitch_siqu.dir/src/depth_pitch_siqu.cpp.o[0m
[ 41%] [32mBuilding CXX object CMakeFiles/sbus_ctrl.dir/src/sbus_ctrl.cpp.o[0m
[ 50%] [32mBuilding CXX object CMakeFiles/depth_hold.dir/src/depth_hold.cpp.o[0m
[ 58%] [32m[1mLinking CXX executable /home/yunxia/ros_auv_ws/devel/.private/auv_run/lib/auv_run/sbus_ctrl[0m
[ 66%] [32m[1mLinking CXX executable /home/yunxia/ros_auv_ws/devel/.private/auv_run/lib/auv_run/rc1-4[0m
[ 66%] Built target sbus_ctrl
[ 66%] Built target rc1-4
[ 75%] [32m[1mLinking CXX executable /home/yunxia/ros_auv_ws/devel/.private/auv_run/lib/auv_run/depth_hold[0m
[ 83%] [32m[1mLinking CXX executable /home/yunxia/ros_auv_ws/devel/.private/auv_run/lib/auv_run/depth_hold_debug[0m
[ 91%] [32m[1mLinking CXX executable /home/yunxia/ros_auv_ws/devel/.private/auv_run/lib/auv_run/depth_pitch_siqu[0m
[ 91%] Built target depth_hold
[100%] [32m[1mLinking CXX executable /home/yunxia/ros_auv_ws/devel/.private/auv_run/lib/auv_run/depth_pitch[0m
[100%] Built target depth_hold_debug
[100%] Built target depth_pitch_siqu
[100%] Built target depth_pitch
